# JRE version: OpenJDK Runtime Environment (11.0.2+9) (build 11.0.2+9)
# Java VM: OpenJDK 64-Bit Server VM (11.0.2+9, mixed mode, tiered, compressed oops, g1 gc, linux-amd64)
Heap:
 garbage-first heap   total 1685504K, used 629069K [0x0000000700000000, 0x0000000800000000)
  region size 1024K, 4 young (4096K), 4 survivors (4096K)
 Metaspace       used 44348K, capacity 45692K, committed 45948K, reserved 1089536K
  class space    used 5587K, capacity 6213K, committed 6348K, reserved 1048576K
GC Heap History (10 events):
Event: 39.242 GC heap after
{Heap after GC invocations=38 (full 2):
 garbage-first heap   total 450560K, used 443978K [0x0000000700000000, 0x0000000800000000)
  region size 1024K, 3 young (3072K), 3 survivors (3072K)
 Metaspace       used 44294K, capacity 45627K, committed 45948K, reserved 1089536K
  class space    used 5586K, capacity 6213K, committed 6348K, reserved 1048576K
}
Event: 41.402 GC heap before
{Heap before GC invocations=39 (full 2):
 garbage-first heap   total 456704K, used 448074K [0x0000000700000000, 0x0000000800000000)
  region size 1024K, 14 young (14336K), 3 survivors (3072K)
 Metaspace       used 44328K, capacity 45692K, committed 45948K, reserved 1089536K
  class space    used 5587K, capacity 6213K, committed 6348K, reserved 1048576K
}
Event: 41.419 GC heap after
{Heap after GC invocations=40 (full 2):
 garbage-first heap   total 459776K, used 443229K [0x0000000700000000, 0x0000000800000000)
  region size 1024K, 3 young (3072K), 3 survivors (3072K)
 Metaspace       used 44328K, capacity 45692K, committed 45948K, reserved 1089536K
  class space    used 5587K, capacity 6213K, committed 6348K, reserved 1048576K
}
Event: 41.962 GC heap before
{Heap before GC invocations=40 (full 2):
 garbage-first heap   total 494592K, used 491357K [0x0000000700000000, 0x0000000800000000)
  region size 1024K, 15 young (15360K), 3 survivors (3072K)
 Metaspace       used 44331K, capacity 45692K, committed 45948K, reserved 1089536K
  class space    used 5587K, capacity 6213K, committed 6348K, reserved 1048576K
}
Event: 41.984 GC heap after
{Heap after GC invocations=41 (full 2):
 garbage-first heap   total 504832K, used 487384K [0x0000000700000000, 0x0000000800000000)
  region size 1024K, 3 young (3072K), 3 survivors (3072K)
 Metaspace       used 44331K, capacity 45692K, committed 45948K, reserved 1089536K
  class space    used 5587K, capacity 6213K, committed 6348K, reserved 1048576K
}
Event: 42.030 GC heap before
{Heap before GC invocations=42 (full 2):
 garbage-first heap   total 504832K, used 490456K [0x0000000700000000, 0x0000000800000000)
  region size 1024K, 7 young (7168K), 3 survivors (3072K)
 Metaspace       used 44334K, capacity 45692K, committed 45948K, reserved 1089536K
  class space    used 5587K, capacity 6213K, committed 6348K, reserved 1048576K
}
Event: 42.041 GC heap after
{Heap after GC invocations=43 (full 2):
 garbage-first heap   total 504832K, used 490377K [0x0000000700000000, 0x0000000800000000)
  region size 1024K, 3 young (3072K), 3 survivors (3072K)
 Metaspace       used 44334K, capacity 45692K, committed 45948K, reserved 1089536K
  class space    used 5587K, capacity 6213K, committed 6348K, reserved 1048576K
}
Event: 55.170 GC heap before
{Heap before GC invocations=44 (full 2):
 garbage-first heap   total 629760K, used 626569K [0x0000000700000000, 0x0000000800000000)
  region size 1024K, 13 young (13312K), 3 survivors (3072K)
 Metaspace       used 44346K, capacity 45692K, committed 45948K, reserved 1089536K
  class space    used 5587K, capacity 6213K, committed 6348K, reserved 1048576K
}
Event: 57.208 GC heap after
{Heap after GC invocations=45 (full 2):
 garbage-first heap   total 638976K, used 623106K [0x0000000700000000, 0x0000000800000000)
  region size 1024K, 4 young (4096K), 4 survivors (4096K)
 Metaspace       used 44346K, capacity 45692K, committed 45948K, reserved 1089536K
  class space    used 5587K, capacity 6213K, committed 6348K, reserved 1048576K
}
Event: 69.565 GC heap before
{Heap before GC invocations=45 (full 2):
 garbage-first heap   total 638976K, used 632322K [0x0000000700000000, 0x0000000800000000)
  region size 1024K, 14 young (14336K), 4 survivors (4096K)
 Metaspace       used 44348K, capacity 45692K, committed 45948K, reserved 1089536K
  class space    used 5587K, capacity 6213K, committed 6348K, reserved 1048576K
}

